[2026-01-26 22:30:51] Starting data ingestion
[2026-01-26 22:31:53] Copied raw dataset to ingested directory
[2026-01-26 22:31:53] TRAIN total images: 0
[2026-01-26 22:31:53] TRAIN | seg_train: 0
[2026-01-26 22:31:53] TEST total images: 0
[2026-01-26 22:31:54] TEST  | seg_test: 0
[2026-01-26 22:31:54] Data ingestion completed successfully
[2026-01-26 22:40:36] Starting data ingestion
[2026-01-26 22:41:46] Copied raw dataset to ingested directory
[2026-01-26 22:41:46] TRAIN total images: 0
[2026-01-26 22:41:46] TRAIN | seg_train: 0
[2026-01-26 22:41:46] TEST total images: 0
[2026-01-26 22:41:46] TEST  | seg_test: 0
[2026-01-26 22:41:46] Data ingestion completed successfully
[2026-01-26 22:48:23] Starting data ingestion
[2026-01-26 22:49:49] Copied raw dataset to ingested directory
[2026-01-26 22:49:49] TRAIN total images: 14034
[2026-01-26 22:49:49] TRAIN | buildings: 2191
[2026-01-26 22:49:49] TRAIN | forest: 2271
[2026-01-26 22:49:49] TRAIN | glacier: 2404
[2026-01-26 22:49:49] TRAIN | mountain: 2512
[2026-01-26 22:49:49] TRAIN | sea: 2274
[2026-01-26 22:49:49] TRAIN | street: 2382
[2026-01-26 22:49:49] TEST total images: 3000
[2026-01-26 22:49:49] TEST  | buildings: 437
[2026-01-26 22:49:49] TEST  | forest: 474
[2026-01-26 22:49:49] TEST  | glacier: 553
[2026-01-26 22:49:49] TEST  | mountain: 525
[2026-01-26 22:49:49] TEST  | sea: 510
[2026-01-26 22:49:49] TEST  | street: 501
[2026-01-26 22:49:49] Data ingestion completed successfully
[2026-01-26 22:51:07] Starting data ingestion
[2026-01-26 22:52:13] Copied raw dataset to ingested directory
[2026-01-26 22:52:13] TRAIN total images: 14034
[2026-01-26 22:52:13] TRAIN | buildings: 2191
[2026-01-26 22:52:13] TRAIN | forest: 2271
[2026-01-26 22:52:13] TRAIN | glacier: 2404
[2026-01-26 22:52:13] TRAIN | mountain: 2512
[2026-01-26 22:52:13] TRAIN | sea: 2274
[2026-01-26 22:52:13] TRAIN | street: 2382
[2026-01-26 22:52:13] TEST total images: 3000
[2026-01-26 22:52:13] TEST  | buildings: 437
[2026-01-26 22:52:13] TEST  | forest: 474
[2026-01-26 22:52:13] TEST  | glacier: 553
[2026-01-26 22:52:13] TEST  | mountain: 525
[2026-01-26 22:52:13] TEST  | sea: 510
[2026-01-26 22:52:13] TEST  | street: 501
[2026-01-26 22:52:13] Data ingestion completed successfully
